<?xml version="1.0" encoding="UTF-8"?>
<testng-results ignored="0" total="3" passed="3" failed="0" skipped="0">
  <reporter-output>
  </reporter-output>
  <suite started-at="2024-12-15T10:36:52 IST" name="Suite" finished-at="2024-12-15T10:37:22 IST" duration-ms="29700">
    <groups>
    </groups>
    <test started-at="2024-12-15T10:36:52 IST" name="Test" finished-at="2024-12-15T10:37:22 IST" duration-ms="29700">
      <class name="com.OrangeHrm.RunnerScripts.AdminStory.AdminModule">
        <test-method is-config="true" signature="BrowserInitialization(java.lang.String)[pri:0, instance:com.OrangeHrm.RunnerScripts.AdminStory.AdminModule@6d763516]" started-at="2024-12-15T10:36:53 IST" name="BrowserInitialization" finished-at="2024-12-15T10:36:53 IST" duration-ms="315" status="PASS">
          <params>
            <param index="0">
              <value>
                <![CDATA[chrome]]>
              </value>
            </param>
          </params>
          <reporter-output>
          </reporter-output>
        </test-method> <!-- BrowserInitialization -->
        <test-method is-config="true" signature="BrowserSetUp(java.lang.String)[pri:0, instance:com.OrangeHrm.RunnerScripts.AdminStory.AdminModule@6d763516]" started-at="2024-12-15T10:36:53 IST" name="BrowserSetUp" finished-at="2024-12-15T10:36:58 IST" duration-ms="5494" status="PASS">
          <params>
            <param index="0">
              <value>
                <![CDATA[chrome]]>
              </value>
            </param>
          </params>
          <reporter-output>
          </reporter-output>
        </test-method> <!-- BrowserSetUp -->
        <test-method signature="CheckAddComponents()[pri:0, instance:com.OrangeHrm.RunnerScripts.AdminStory.AdminModule@6d763516]" started-at="2024-12-15T10:36:58 IST" name="CheckAddComponents" finished-at="2024-12-15T10:37:02 IST" duration-ms="3582" status="PASS">
          <reporter-output>
          </reporter-output>
        </test-method> <!-- CheckAddComponents -->
        <test-method is-config="true" signature="TearDown(org.testng.ITestResult)[pri:0, instance:com.OrangeHrm.RunnerScripts.AdminStory.AdminModule@6d763516]" started-at="2024-12-15T10:37:02 IST" name="TearDown" finished-at="2024-12-15T10:37:04 IST" duration-ms="2017" status="PASS">
          <params>
            <param index="0">
              <value>
                <![CDATA[[TestResult name=CheckAddComponents status=SUCCESS method=AdminModule.CheckAddComponents()[pri:0, instance:com.OrangeHrm.RunnerScripts.AdminStory.AdminModule@6d763516] output={null}]]]>
              </value>
            </param>
          </params>
          <reporter-output>
          </reporter-output>
        </test-method> <!-- TearDown -->
        <test-method is-config="true" signature="BrowserSetUp(java.lang.String)[pri:0, instance:com.OrangeHrm.RunnerScripts.AdminStory.AdminModule@6d763516]" started-at="2024-12-15T10:37:04 IST" name="BrowserSetUp" finished-at="2024-12-15T10:37:09 IST" duration-ms="5255" status="PASS">
          <params>
            <param index="0">
              <value>
                <![CDATA[chrome]]>
              </value>
            </param>
          </params>
          <reporter-output>
          </reporter-output>
        </test-method> <!-- BrowserSetUp -->
        <test-method signature="CheckDashBoardIsDisplayed()[pri:0, instance:com.OrangeHrm.RunnerScripts.AdminStory.AdminModule@6d763516]" started-at="2024-12-15T10:37:09 IST" name="CheckDashBoardIsDisplayed" finished-at="2024-12-15T10:37:10 IST" duration-ms="368" status="PASS">
          <reporter-output>
          </reporter-output>
        </test-method> <!-- CheckDashBoardIsDisplayed -->
        <test-method is-config="true" signature="TearDown(org.testng.ITestResult)[pri:0, instance:com.OrangeHrm.RunnerScripts.AdminStory.AdminModule@6d763516]" started-at="2024-12-15T10:37:10 IST" name="TearDown" finished-at="2024-12-15T10:37:12 IST" duration-ms="2060" status="PASS">
          <params>
            <param index="0">
              <value>
                <![CDATA[[TestResult name=CheckDashBoardIsDisplayed status=SUCCESS method=AdminModule.CheckDashBoardIsDisplayed()[pri:0, instance:com.OrangeHrm.RunnerScripts.AdminStory.AdminModule@6d763516] output={null}]]]>
              </value>
            </param>
          </params>
          <reporter-output>
          </reporter-output>
        </test-method> <!-- TearDown -->
        <test-method is-config="true" signature="BrowserSetUp(java.lang.String)[pri:0, instance:com.OrangeHrm.RunnerScripts.AdminStory.AdminModule@6d763516]" started-at="2024-12-15T10:37:12 IST" name="BrowserSetUp" finished-at="2024-12-15T10:37:17 IST" duration-ms="5167" status="PASS">
          <params>
            <param index="0">
              <value>
                <![CDATA[chrome]]>
              </value>
            </param>
          </params>
          <reporter-output>
          </reporter-output>
        </test-method> <!-- BrowserSetUp -->
        <test-method signature="CheckEmpIsCreated()[pri:0, instance:com.OrangeHrm.RunnerScripts.AdminStory.AdminModule@6d763516]" started-at="2024-12-15T10:37:17 IST" name="CheckEmpIsCreated" finished-at="2024-12-15T10:37:20 IST" duration-ms="3248" status="PASS">
          <reporter-output>
          </reporter-output>
        </test-method> <!-- CheckEmpIsCreated -->
        <test-method is-config="true" signature="TearDown(org.testng.ITestResult)[pri:0, instance:com.OrangeHrm.RunnerScripts.AdminStory.AdminModule@6d763516]" started-at="2024-12-15T10:37:20 IST" name="TearDown" finished-at="2024-12-15T10:37:22 IST" duration-ms="1950" status="PASS">
          <params>
            <param index="0">
              <value>
                <![CDATA[[TestResult name=CheckEmpIsCreated status=SUCCESS method=AdminModule.CheckEmpIsCreated()[pri:0, instance:com.OrangeHrm.RunnerScripts.AdminStory.AdminModule@6d763516] output={null}]]]>
              </value>
            </param>
          </params>
          <reporter-output>
          </reporter-output>
        </test-method> <!-- TearDown -->
        <test-method is-config="true" signature="Reports()[pri:0, instance:com.OrangeHrm.RunnerScripts.AdminStory.AdminModule@6d763516]" started-at="2024-12-15T10:37:22 IST" name="Reports" finished-at="2024-12-15T10:37:22 IST" duration-ms="0" status="PASS">
          <reporter-output>
          </reporter-output>
        </test-method> <!-- Reports -->
      </class> <!-- com.OrangeHrm.RunnerScripts.AdminStory.AdminModule -->
    </test> <!-- Test -->
  </suite> <!-- Suite -->
</testng-results>
