<?xml version="1.0" encoding="UTF-8"?>
<!-- Generated by org.testng.reporters.JUnitXMLReporter -->
<testsuite ignored="0" hostname="AUTOMATION-LAB" failures="0" tests="3" name="Test" time="29.7" errors="0" timestamp="2024-12-15T10:37:23 IST">
  <testcase classname="com.OrangeHrm.RunnerScripts.AdminStory.AdminModule" name="CheckAddComponents" time="3.582"/>
  <testcase classname="com.OrangeHrm.RunnerScripts.AdminStory.AdminModule" name="CheckDashBoardIsDisplayed" time="0.368"/>
  <testcase classname="com.OrangeHrm.RunnerScripts.AdminStory.AdminModule" name="CheckEmpIsCreated" time="3.248"/>
</testsuite> <!-- Test -->
