<?xml version="1.0" encoding="UTF-8"?>
<!-- Generated by org.testng.reporters.JUnitXMLReporter -->
<testsuite ignored="0" hostname="AUTOMATION-LAB" failures="0" tests="3" name="Test" time="32.24" errors="0" timestamp="2024-12-15T10:29:02 IST">
  <testcase classname="com.OrangeHrm.RunnerScripts.AdminStory.AdminModule" name="CheckAddComponents" time="3.416"/>
  <testcase classname="com.OrangeHrm.RunnerScripts.AdminStory.AdminModule" name="CheckDashBoardIsDisplayed" time="2.325"/>
  <testcase classname="com.OrangeHrm.RunnerScripts.AdminStory.AdminModule" name="CheckEmpIsCreated" time="3.474"/>
</testsuite> <!-- Test -->
